#
# A fatal error has been detected by the Java Runtime Environment:
#
#  Internal Error (classFileParser.cpp:3161), pid=7000, tid=7884
#  Error: ShouldNotReachHere()
#
# JRE version: 6.0_21-b07
# Java VM: Java HotSpot(TM) 64-Bit Server VM (17.0-b17 mixed mode windows-amd64 )
# If you would like to submit a bug report, please visit:
#   http://java.sun.com/webapps/bugreport/crash.jsp
#

---------------  T H R E A D  ---------------

Current thread (0x00000000005bb000):  JavaThread "Unknown thread" [_thread_in_vm, id=7884, stack(0x00000000020b0000,0x00000000021b0000)]

Stack: [0x00000000020b0000,0x00000000021b0000]
[error occurred during error reporting (printing stack bounds), id 0xc0000005]


---------------  P R O C E S S  ---------------

Java Threads: ( => current thread )

Other Threads:

=>0x00000000005bb000 (exited) JavaThread "Unknown thread" [_thread_in_vm, id=7884, stack(0x00000000020b0000,0x00000000021b0000)]

VM state:not at safepoint (not fully initialized)

VM Mutex/Monitor currently owned by a thread: None

Dynamic libraries:
0x0000000000400000 - 0x000000000042e000 	C:\Program Files\Java\jre6\bin\javaw.exe
0x0000000077750000 - 0x00000000778f9000 	C:\Windows\SYSTEM32\ntdll.dll
0x0000000077630000 - 0x000000007774f000 	C:\Windows\system32\kernel32.dll
0x000007fefd900000 - 0x000007fefd96c000 	C:\Windows\system32\KERNELBASE.dll
0x000007fefe450000 - 0x000007fefe52b000 	C:\Windows\system32\ADVAPI32.dll
0x000007fefe180000 - 0x000007fefe21f000 	C:\Windows\system32\msvcrt.dll
0x000007feffa40000 - 0x000007feffa5f000 	C:\Windows\SYSTEM32\sechost.dll
0x000007fefe030000 - 0x000007fefe15d000 	C:\Windows\system32\RPCRT4.dll
0x0000000077530000 - 0x000000007762a000 	C:\Windows\system32\USER32.dll
0x000007fefe950000 - 0x000007fefe9b7000 	C:\Windows\system32\GDI32.dll
0x000007fefe2c0000 - 0x000007fefe2ce000 	C:\Windows\system32\LPK.dll
0x000007fefe880000 - 0x000007fefe949000 	C:\Windows\system32\USP10.dll
0x000007fefe640000 - 0x000007fefe66e000 	C:\Windows\system32\IMM32.DLL
0x000007fefeba0000 - 0x000007fefeca9000 	C:\Windows\system32\MSCTF.dll
0x000000006d7f0000 - 0x000000006dec1000 	C:\Program Files\Java\jre6\bin\server\jvm.dll
0x000007fefbad0000 - 0x000007fefbb0b000 	C:\Windows\system32\WINMM.dll
0x000000006d760000 - 0x000000006d76e000 	C:\Program Files\Java\jre6\bin\verify.dll
0x000000006d3b0000 - 0x000000006d3d7000 	C:\Program Files\Java\jre6\bin\java.dll
0x000000006d310000 - 0x000000006d31a000 	C:\Program Files\Java\jre6\bin\hpi.dll
0x0000000077920000 - 0x0000000077927000 	C:\Windows\system32\PSAPI.DLL
0x000000006d7b0000 - 0x000000006d7c2000 	C:\Program Files\Java\jre6\bin\zip.dll

VM Arguments:
jvm_args: -Dfile.encoding=Cp1252 -Xbootclasspath:C:\Users\Keya\android-sdk-windows\platforms\android-10\android.jar 
java_command: coles.app.traffic
Launcher Type: SUN_STANDARD

Environment Variables:
CLASSPATH=.;C:\Program Files (x86)\QuickTime\QTSystem\QTJava.zip
PATH=C:\Program Files\Common Files\Microsoft Shared\Windows Live;C:\Program Files (x86)\Common Files\Microsoft Shared\Windows Live;C:\Windows\system32;C:\Windows;C:\Windows\System32\Wbem;C:\Windows\System32\WindowsPowerShell\v1.0\;C:\Program Files (x86)\ATI Technologies\ATI.ACE\Core-Static;C:\Program Files\Dell\DW WLAN Card;C:\Program Files (x86)\Common Files\Roxio Shared\DLLShared\;C:\Program Files (x86)\QuickTime\QTSystem\;C:\Program Files (x86)\Windows Live\Shared
USERNAME=Keya
OS=Windows_NT
PROCESSOR_IDENTIFIER=AMD64 Family 16 Model 5 Stepping 3, AuthenticAMD



---------------  S Y S T E M  ---------------

OS: Windows 7 Build 7601 Service Pack 1

CPU:total 3 (3 cores per cpu, 1 threads per core) family 16 model 5 stepping 3, cmov, cx8, fxsr, mmx, sse, sse2, sse3, popcnt, mmxext, 3dnow, 3dnowext, lzcnt, sse4a

Memory: 4k page, physical 6025140k(4431560k free), swap 12048428k(9034224k free)

vm_info: Java HotSpot(TM) 64-Bit Server VM (17.0-b17) for windows-amd64 JRE (1.6.0_21-b07), built on Jul 17 2010 01:05:36 by "java_re" with MS VC++ 8.0 (VS2005)

time: Thu May 31 11:08:53 2012
elapsed time: 0 seconds

